<?xml version="1.0" encoding="UTF-8"?>
<!-- Generated by org.testng.reporters.JUnitReportReporter -->
<testsuite hostname="LAPTOP-N45AKST0" failures="0" tests="1" name="TestNG" time="0.016" errors="0" timestamp="2022-02-18T19:57:27 IST" skipped="0">
  <testcase classname="TestNG" name="test" time="0.016"/>
  <system-out/>
</testsuite> <!-- TestNG -->
